[32m[Nest] 1649  - [39m06/30/2026, 4:23:38 AM [32m    LOG[39m [38;5;3m[NestFactory] [39m[32mStarting Nest application...[39m
[32m[Nest] 1649  - [39m06/30/2026, 4:23:38 AM [32m    LOG[39m [38;5;3m[InstanceLoader] [39m[32mAppModule dependencies initialized[39m[38;5;3m +15ms[39m
[32m[Nest] 1649  - [39m06/30/2026, 4:23:38 AM [32m    LOG[39m [38;5;3m[InstanceLoader] [39m[32mTypeOrmModule dependencies initialized[39m[38;5;3m +0ms[39m
[32m[Nest] 1649  - [39m06/30/2026, 4:23:38 AM [32m    LOG[39m [38;5;3m[InstanceLoader] [39m[32mPassportModule dependencies initialized[39m[38;5;3m +0ms[39m
[32m[Nest] 1649  - [39m06/30/2026, 4:23:38 AM [32m    LOG[39m [38;5;3m[InstanceLoader] [39m[32mJwtModule dependencies initialized[39m[38;5;3m +0ms[39m
[32m[Nest] 1649  - [39m06/30/2026, 4:23:38 AM [32m    LOG[39m [38;5;3m[InstanceLoader] [39m[32mTypeOrmCoreModule dependencies initialized[39m[38;5;3m +30ms[39m
[32m[Nest] 1649  - [39m06/30/2026, 4:23:38 AM [32m    LOG[39m [38;5;3m[InstanceLoader] [39m[32mTypeOrmModule dependencies initialized[39m[38;5;3m +0ms[39m
[32m[Nest] 1649  - [39m06/30/2026, 4:23:38 AM [32m    LOG[39m [38;5;3m[InstanceLoader] [39m[32mTypeOrmModule dependencies initialized[39m[38;5;3m +0ms[39m
[32m[Nest] 1649  - [39m06/30/2026, 4:23:38 AM [32m    LOG[39m [38;5;3m[InstanceLoader] [39m[32mTypeOrmModule dependencies initialized[39m[38;5;3m +0ms[39m
[32m[Nest] 1649  - [39m06/30/2026, 4:23:38 AM [32m    LOG[39m [38;5;3m[InstanceLoader] [39m[32mUsersModule dependencies initialized[39m[38;5;3m +2ms[39m
[32m[Nest] 1649  - [39m06/30/2026, 4:23:38 AM [32m    LOG[39m [38;5;3m[InstanceLoader] [39m[32mAttendanceModule dependencies initialized[39m[38;5;3m +0ms[39m
[32m[Nest] 1649  - [39m06/30/2026, 4:23:38 AM [32m    LOG[39m [38;5;3m[InstanceLoader] [39m[32mAuthModule dependencies initialized[39m[38;5;3m +0ms[39m
[32m[Nest] 1649  - [39m06/30/2026, 4:23:38 AM [32m    LOG[39m [38;5;3m[RoutesResolver] [39m[32mAuthController {/api/auth}:[39m[38;5;3m +10ms[39m
[32m[Nest] 1649  - [39m06/30/2026, 4:23:38 AM [32m    LOG[39m [38;5;3m[RouterExplorer] [39m[32mMapped {/api/auth/register, POST} route[39m[38;5;3m +2ms[39m
[32m[Nest] 1649  - [39m06/30/2026, 4:23:38 AM [32m    LOG[39m [38;5;3m[RouterExplorer] [39m[32mMapped {/api/auth/login, POST} route[39m[38;5;3m +1ms[39m
[32m[Nest] 1649  - [39m06/30/2026, 4:23:38 AM [32m    LOG[39m [38;5;3m[RouterExplorer] [39m[32mMapped {/api/auth/profile, GET} route[39m[38;5;3m +0ms[39m
[32m[Nest] 1649  - [39m06/30/2026, 4:23:38 AM [32m    LOG[39m [38;5;3m[RouterExplorer] [39m[32mMapped {/api/auth/logout, POST} route[39m[38;5;3m +0ms[39m
[32m[Nest] 1649  - [39m06/30/2026, 4:23:38 AM [32m    LOG[39m [38;5;3m[RoutesResolver] [39m[32mUsersController {/api/users}:[39m[38;5;3m +1ms[39m
[32m[Nest] 1649  - [39m06/30/2026, 4:23:38 AM [32m    LOG[39m [38;5;3m[RouterExplorer] [39m[32mMapped {/api/users, GET} route[39m[38;5;3m +0ms[39m
[32m[Nest] 1649  - [39m06/30/2026, 4:23:38 AM [32m    LOG[39m [38;5;3m[RouterExplorer] [39m[32mMapped {/api/users/:id, GET} route[39m[38;5;3m +0ms[39m
[32m[Nest] 1649  - [39m06/30/2026, 4:23:38 AM [32m    LOG[39m [38;5;3m[RouterExplorer] [39m[32mMapped {/api/users/:id, PATCH} route[39m[38;5;3m +1ms[39m
[32m[Nest] 1649  - [39m06/30/2026, 4:23:38 AM [32m    LOG[39m [38;5;3m[RouterExplorer] [39m[32mMapped {/api/users/:id, DELETE} route[39m[38;5;3m +0ms[39m
[32m[Nest] 1649  - [39m06/30/2026, 4:23:38 AM [32m    LOG[39m [38;5;3m[RoutesResolver] [39m[32mAttendanceController {/api/attendance}:[39m[38;5;3m +0ms[39m
[32m[Nest] 1649  - [39m06/30/2026, 4:23:38 AM [32m    LOG[39m [38;5;3m[RouterExplorer] [39m[32mMapped {/api/attendance/check-in, POST} route[39m[38;5;3m +0ms[39m
[32m[Nest] 1649  - [39m06/30/2026, 4:23:38 AM [32m    LOG[39m [38;5;3m[RouterExplorer] [39m[32mMapped {/api/attendance/check-out, POST} route[39m[38;5;3m +1ms[39m
[32m[Nest] 1649  - [39m06/30/2026, 4:23:38 AM [32m    LOG[39m [38;5;3m[RouterExplorer] [39m[32mMapped {/api/attendance/today, GET} route[39m[38;5;3m +0ms[39m
[32m[Nest] 1649  - [39m06/30/2026, 4:23:38 AM [32m    LOG[39m [38;5;3m[RouterExplorer] [39m[32mMapped {/api/attendance/history, GET} route[39m[38;5;3m +0ms[39m
[32m[Nest] 1649  - [39m06/30/2026, 4:23:38 AM [32m    LOG[39m [38;5;3m[RouterExplorer] [39m[32mMapped {/api/attendance/stats, GET} route[39m[38;5;3m +0ms[39m
[32m[Nest] 1649  - [39m06/30/2026, 4:23:38 AM [32m    LOG[39m [38;5;3m[NestApplication] [39m[32mNest application successfully started[39m[38;5;3m +2ms[39m
🚀 Backend running on http://localhost:3000
📚 API available at http://localhost:3000/api
